Using pre-set license
Built from '2022.3/staging' branch; Version is '2022.3.19f1 (244b723c30a6) revision 2378610'; Using compiler version '192829333'; Build Type 'Release'
OS: 'Windows 10  (10.0.19045) 64bit Professional' Language: 'en' Physical Memory: 32685 MB
BatchMode: 1, IsHumanControllingUs: 0, StartBugReporterOnCrash: 0, Is64bit: 1, IsPro: 1

COMMAND LINE ARGUMENTS:
D:\Unity\2022.3.19f1\Editor\Unity.exe
-adb2
-batchMode
-noUpm
-name
AssetImportWorker0
-projectPath
D:/UNITY PROJECTS/GMD-Final-Project/gmd-final-project
-logFile
Logs/AssetImportWorker0.log
-srvPort
11885
Successfully changed project path to: D:/UNITY PROJECTS/GMD-Final-Project/gmd-final-project
D:/UNITY PROJECTS/GMD-Final-Project/gmd-final-project
[UnityMemory] Configuration Parameters - Can be set up in boot.config
    "memorysetup-bucket-allocator-granularity=16"
    "memorysetup-bucket-allocator-bucket-count=8"
    "memorysetup-bucket-allocator-block-size=33554432"
    "memorysetup-bucket-allocator-block-count=8"
    "memorysetup-main-allocator-block-size=16777216"
    "memorysetup-thread-allocator-block-size=16777216"
    "memorysetup-gfx-main-allocator-block-size=16777216"
    "memorysetup-gfx-thread-allocator-block-size=16777216"
    "memorysetup-cache-allocator-block-size=4194304"
    "memorysetup-typetree-allocator-block-size=2097152"
    "memorysetup-profiler-bucket-allocator-granularity=16"
    "memorysetup-profiler-bucket-allocator-bucket-count=8"
    "memorysetup-profiler-bucket-allocator-block-size=33554432"
    "memorysetup-profiler-bucket-allocator-block-count=8"
    "memorysetup-profiler-allocator-block-size=16777216"
    "memorysetup-profiler-editor-allocator-block-size=1048576"
    "memorysetup-temp-allocator-size-main=16777216"
    "memorysetup-job-temp-allocator-block-size=2097152"
    "memorysetup-job-temp-allocator-block-size-background=1048576"
    "memorysetup-job-temp-allocator-reduction-small-platforms=262144"
    "memorysetup-allocator-temp-initial-block-size-main=262144"
    "memorysetup-allocator-temp-initial-block-size-worker=262144"
    "memorysetup-temp-allocator-size-background-worker=32768"
    "memorysetup-temp-allocator-size-job-worker=262144"
    "memorysetup-temp-allocator-size-preload-manager=33554432"
    "memorysetup-temp-allocator-size-nav-mesh-worker=65536"
    "memorysetup-temp-allocator-size-audio-worker=65536"
    "memorysetup-temp-allocator-size-cloud-worker=32768"
    "memorysetup-temp-allocator-size-gi-baking-worker=262144"
    "memorysetup-temp-allocator-size-gfx=262144"
Player connection [23416] Host "[IP] 192.168.5.1 [Port] 0 [Flags] 2 [Guid] 4162190281 [EditorId] 4162190281 [Version] 1048832 [Id] WindowsEditor(7,FERRARI) [Debug] 1 [PackageName] WindowsEditor [ProjectName] Editor" joined multi-casting on [225.0.0.222:54997]...

Player connection [23416] Host "[IP] 192.168.5.1 [Port] 0 [Flags] 2 [Guid] 4162190281 [EditorId] 4162190281 [Version] 1048832 [Id] WindowsEditor(7,FERRARI) [Debug] 1 [PackageName] WindowsEditor [ProjectName] Editor" joined alternative multi-casting on [225.0.0.222:34997]...

[Physics::Module] Initialized MultithreadedJobDispatcher with 15 workers.
Refreshing native plugins compatible for Editor in 11.15 ms, found 4 plugins.
Preloading 0 native plugins for Editor in 0.00 ms.
Initialize engine version: 2022.3.19f1 (244b723c30a6)
[Subsystems] Discovering subsystems at path D:/Unity/2022.3.19f1/Editor/Data/Resources/UnitySubsystems
[Subsystems] Discovering subsystems at path D:/UNITY PROJECTS/GMD-Final-Project/gmd-final-project/Assets
GfxDevice: creating device client; threaded=0; jobified=0
Direct3D:
    Version:  Direct3D 11.0 [level 11.1]
    Renderer: NVIDIA GeForce RTX 2070 SUPER (ID=0x1e84)
    Vendor:   NVIDIA
    VRAM:     7989 MB
    Driver:   31.0.15.5161
Initialize mono
Mono path[0] = 'D:/Unity/2022.3.19f1/Editor/Data/Managed'
Mono path[1] = 'D:/Unity/2022.3.19f1/Editor/Data/MonoBleedingEdge/lib/mono/unityjit-win32'
Mono config path = 'D:/Unity/2022.3.19f1/Editor/Data/MonoBleedingEdge/etc'
Using monoOptions --debugger-agent=transport=dt_socket,embedding=1,server=y,suspend=n,address=127.0.0.1:56172
Begin MonoManager ReloadAssembly
Registering precompiled unity dll's ...
Register platform support module: D:/Unity/2022.3.19f1/Editor/Data/PlaybackEngines/WebGLSupport/UnityEditor.WebGL.Extensions.dll
Register platform support module: D:/Unity/2022.3.19f1/Editor/Data/PlaybackEngines/WindowsStandaloneSupport/UnityEditor.WindowsStandalone.Extensions.dll
Registered in 0.004783 seconds.
- Loaded All Assemblies, in  0.334 seconds
Native extension for WindowsStandalone target not found
Native extension for WebGL target not found
Mono: successfully reloaded assembly
- Finished resetting the current domain, in  0.250 seconds
Domain Reload Profiling: 584ms
	BeginReloadAssembly (112ms)
		ExecutionOrderSort (0ms)
		DisableScriptedObjects (0ms)
		BackupInstance (0ms)
		ReleaseScriptingObjects (0ms)
		CreateAndSetChildDomain (1ms)
	RebuildCommonClasses (34ms)
	RebuildNativeTypeToScriptingClass (11ms)
	initialDomainReloadingComplete (47ms)
	LoadAllAssembliesAndSetupDomain (129ms)
		LoadAssemblies (112ms)
		RebuildTransferFunctionScriptingTraits (0ms)
		AnalyzeDomain (127ms)
			TypeCache.Refresh (125ms)
				TypeCache.ScanAssembly (114ms)
			ScanForSourceGeneratedMonoScriptInfo (0ms)
			ResolveRequiredComponents (0ms)
	FinalizeReload (250ms)
		ReleaseScriptCaches (0ms)
		RebuildScriptCaches (0ms)
		SetupLoadedEditorAssemblies (196ms)
			LogAssemblyErrors (0ms)
			InitializePlatformSupportModulesInManaged (7ms)
			SetLoadedEditorAssemblies (5ms)
			RefreshPlugins (0ms)
			BeforeProcessingInitializeOnLoad (2ms)
			ProcessInitializeOnLoadAttributes (138ms)
			ProcessInitializeOnLoadMethodAttributes (45ms)
			AfterProcessingInitializeOnLoad (0ms)
			EditorAssembliesLoaded (0ms)
		ExecutionOrderSort2 (0ms)
		AwakeInstancesAfterBackupRestoration (0ms)
========================================================================
Worker process is ready to serve import requests
Begin MonoManager ReloadAssembly
- Loaded All Assemblies, in  0.654 seconds
Refreshing native plugins compatible for Editor in 4.14 ms, found 4 plugins.
Native extension for WindowsStandalone target not found
Native extension for WebGL target not found
Package Manager log level set to [2]
[Package Manager] Server::EnsureServerProcessIsRunning -- launch failed, reason: Unity was launched with the -noUpm command-line argument
[Package Manager] UpmClient::Send -- Unable to send message (not connected to UPM process).
[Package Manager] Cannot connect to Unity Package Manager local server
Mono: successfully reloaded assembly
- Finished resetting the current domain, in  0.632 seconds
Domain Reload Profiling: 1285ms
	BeginReloadAssembly (158ms)
		ExecutionOrderSort (0ms)
		DisableScriptedObjects (5ms)
		BackupInstance (0ms)
		ReleaseScriptingObjects (0ms)
		CreateAndSetChildDomain (21ms)
	RebuildCommonClasses (36ms)
	RebuildNativeTypeToScriptingClass (11ms)
	initialDomainReloadingComplete (38ms)
	LoadAllAssembliesAndSetupDomain (411ms)
		LoadAssemblies (301ms)
		RebuildTransferFunctionScriptingTraits (0ms)
		AnalyzeDomain (211ms)
			TypeCache.Refresh (176ms)
				TypeCache.ScanAssembly (162ms)
			ScanForSourceGeneratedMonoScriptInfo (24ms)
			ResolveRequiredComponents (9ms)
	FinalizeReload (632ms)
		ReleaseScriptCaches (0ms)
		RebuildScriptCaches (0ms)
		SetupLoadedEditorAssemblies (468ms)
			LogAssemblyErrors (0ms)
			InitializePlatformSupportModulesInManaged (5ms)
			SetLoadedEditorAssemblies (3ms)
			RefreshPlugins (0ms)
			BeforeProcessingInitializeOnLoad (70ms)
			ProcessInitializeOnLoadAttributes (310ms)
			ProcessInitializeOnLoadMethodAttributes (77ms)
			AfterProcessingInitializeOnLoad (3ms)
			EditorAssembliesLoaded (0ms)
		ExecutionOrderSort2 (0ms)
		AwakeInstancesAfterBackupRestoration (8ms)
Launched and connected shader compiler UnityShaderCompiler.exe after 0.05 seconds
Refreshing native plugins compatible for Editor in 4.88 ms, found 4 plugins.
Preloading 0 native plugins for Editor in 0.00 ms.
Unloading 5693 Unused Serialized files (Serialized files now loaded: 0)
Unloading 100 unused Assets / (0.9 MB). Loaded Objects now: 6138.
Memory consumption went from 225.5 MB to 224.6 MB.
Total: 3.753100 ms (FindLiveObjects: 0.465500 ms CreateObjectMapping: 0.161800 ms MarkObjects: 2.699400 ms  DeleteObjects: 0.425700 ms)

AssetImportParameters requested are different than current active one (requested -> active):
  custom:container-demuxer-ogg: 62fdf1f143b41e24485cea50d1cbac27 -> 
  custom:video-codec-MediaFoundation-h265: 746d11721c4dcdbdad8f713fa42b33f4 -> 
  custom:video-decoder-ogg-theora: a1e56fd34408186e4bbccfd4996cb3dc -> 
  custom:framework-win-MediaFoundation: 216162199b28c13a410421893ffa2e32 -> 
  custom:CustomObjectIndexerAttribute: 62b5816608c3102f162a1797e29626cf -> 
  custom:container-demuxer-webm: 4f35f7cbe854078d1ac9338744f61a02 -> 
  custom:container-muxer-webm: aa71ff27fc2769a1b78a27578f13a17b -> 
  custom:video-decoder-webm-vp8: 9c59270c3fd7afecdb556c50c9e8de78 -> 
  custom:SearchIndexIgnoredProperties: e643bd26f0fe6173181afceb89e7c659 -> 
  custom:AudioImporter_EditorPlatform: d09bf68614088b80899f8185d706f6e7 -> 
  custom:video-encoder-webm-vp8: eb34c28f22e8b96e1ab97ce403110664 -> 
  custom:audio-decoder-ogg-vorbis: bf7c407c2cedff20999df2af8eb42d56 -> 
  custom:audio-encoder-webm-vorbis: bf7c407c2cedff20999df2af8eb42d56 -> 
========================================================================
Received Import Request.
  Time since last request: 24170.373000 seconds.
  path: Assets/_Sprites/Dungeon/character and tileset/Dungeon_Tileset.png
  artifactKey: Guid(a0d3fbbc155eb404a87f827b40a48dfe) Importer(815301076,1909f56bfc062723c751e8b465ee728b)
Start importing Assets/_Sprites/Dungeon/character and tileset/Dungeon_Tileset.png using Guid(a0d3fbbc155eb404a87f827b40a48dfe) Importer(815301076,1909f56bfc062723c751e8b465ee728b)  -> (artifact id: '8f9ca029e3f6ffc9b9cd2f80669326d2') in 0.288658 seconds
Number of updated asset objects reloaded before import = 0
Number of asset objects unloaded after import = 105
========================================================================
Received Import Request.
  Time since last request: 93.485148 seconds.
  path: Assets/_Sprites/Dungeon/character and tileset/Dungeon_Tileset.png
  artifactKey: Guid(a0d3fbbc155eb404a87f827b40a48dfe) Importer(815301076,1909f56bfc062723c751e8b465ee728b)
Start importing Assets/_Sprites/Dungeon/character and tileset/Dungeon_Tileset.png using Guid(a0d3fbbc155eb404a87f827b40a48dfe) Importer(815301076,1909f56bfc062723c751e8b465ee728b)  -> (artifact id: 'b924815c75e76a754f6b163a4795db76') in 0.245948 seconds
Number of updated asset objects reloaded before import = 0
Number of asset objects unloaded after import = 105
========================================================================
Received Import Request.
  Time since last request: 64.186506 seconds.
  path: Assets/_Sprites/Dungeon/character and tileset/Dungeon_Tileset.png
  artifactKey: Guid(a0d3fbbc155eb404a87f827b40a48dfe) Importer(815301076,1909f56bfc062723c751e8b465ee728b)
Start importing Assets/_Sprites/Dungeon/character and tileset/Dungeon_Tileset.png using Guid(a0d3fbbc155eb404a87f827b40a48dfe) Importer(815301076,1909f56bfc062723c751e8b465ee728b)  -> (artifact id: '8966bf78dcd7e96572f25450f73492cd') in 0.181089 seconds
Number of updated asset objects reloaded before import = 0
Number of asset objects unloaded after import = 105
========================================================================
Received Import Request.
  Time since last request: 228.427084 seconds.
  path: Assets/Tiles/Tiles/Floor/dungeon_floor_1.asset
  artifactKey: Guid(471853985ed4b5242ad12af71ace0cf6) Importer(815301076,1909f56bfc062723c751e8b465ee728b)
Start importing Assets/Tiles/Tiles/Floor/dungeon_floor_1.asset using Guid(471853985ed4b5242ad12af71ace0cf6) Importer(815301076,1909f56bfc062723c751e8b465ee728b)  -> (artifact id: '2ccdbc711764c99bc6ca5555efad5ddf') in 0.043578 seconds
Number of updated asset objects reloaded before import = 0
Number of asset objects unloaded after import = 3
========================================================================
Received Import Request.
  Time since last request: 3.833821 seconds.
  path: Assets/_Sprites/Dungeon/character and tileset/Dungeon_Tileset.png
  artifactKey: Guid(a0d3fbbc155eb404a87f827b40a48dfe) Importer(815301076,1909f56bfc062723c751e8b465ee728b)
Start importing Assets/_Sprites/Dungeon/character and tileset/Dungeon_Tileset.png using Guid(a0d3fbbc155eb404a87f827b40a48dfe) Importer(815301076,1909f56bfc062723c751e8b465ee728b)  -> (artifact id: '592aaf4de9fdf95379f338100c6bfa2b') in 0.189218 seconds
Number of updated asset objects reloaded before import = 0
Number of asset objects unloaded after import = 105
========================================================================
Received Import Request.
  Time since last request: 42.865578 seconds.
  path: Assets/_Sprites/Dungeon/character and tileset/Dungeon_Tileset.png
  artifactKey: Guid(a0d3fbbc155eb404a87f827b40a48dfe) Importer(815301076,1909f56bfc062723c751e8b465ee728b)
Start importing Assets/_Sprites/Dungeon/character and tileset/Dungeon_Tileset.png using Guid(a0d3fbbc155eb404a87f827b40a48dfe) Importer(815301076,1909f56bfc062723c751e8b465ee728b)  -> (artifact id: 'e1a99713c12319768212204d69622de7') in 0.150668 seconds
Number of updated asset objects reloaded before import = 0
Number of asset objects unloaded after import = 105
========================================================================
Received Import Request.
  Time since last request: 7.747537 seconds.
  path: Assets/_Sprites/Dungeon/character and tileset/Dungeon_Tileset.png
  artifactKey: Guid(a0d3fbbc155eb404a87f827b40a48dfe) Importer(815301076,1909f56bfc062723c751e8b465ee728b)
Start importing Assets/_Sprites/Dungeon/character and tileset/Dungeon_Tileset.png using Guid(a0d3fbbc155eb404a87f827b40a48dfe) Importer(815301076,1909f56bfc062723c751e8b465ee728b)  -> (artifact id: '5e07b8e51342b68c7cec71d4f7f1b6cb') in 0.221736 seconds
Number of updated asset objects reloaded before import = 0
Number of asset objects unloaded after import = 105
========================================================================
Received Import Request.
  Time since last request: 7.985272 seconds.
  path: Assets/_Sprites/Dungeon/character and tileset/Dungeon_Tileset.png
  artifactKey: Guid(a0d3fbbc155eb404a87f827b40a48dfe) Importer(815301076,1909f56bfc062723c751e8b465ee728b)
Start importing Assets/_Sprites/Dungeon/character and tileset/Dungeon_Tileset.png using Guid(a0d3fbbc155eb404a87f827b40a48dfe) Importer(815301076,1909f56bfc062723c751e8b465ee728b)  -> (artifact id: '63c4b008ca0f50564b8f359b70262b37') in 0.316767 seconds
Number of updated asset objects reloaded before import = 0
Number of asset objects unloaded after import = 105
========================================================================
Received Import Request.
  Time since last request: 6.953399 seconds.
  path: Assets/_Sprites/Dungeon/character and tileset/Dungeon_Tileset.png
  artifactKey: Guid(a0d3fbbc155eb404a87f827b40a48dfe) Importer(815301076,1909f56bfc062723c751e8b465ee728b)
Start importing Assets/_Sprites/Dungeon/character and tileset/Dungeon_Tileset.png using Guid(a0d3fbbc155eb404a87f827b40a48dfe) Importer(815301076,1909f56bfc062723c751e8b465ee728b)  -> (artifact id: '65bb5b532febd83823cc060b31ff923a') in 0.157927 seconds
Number of updated asset objects reloaded before import = 0
Number of asset objects unloaded after import = 105
========================================================================
Received Import Request.
  Time since last request: 10.781536 seconds.
  path: Assets/_Sprites/Dungeon/character and tileset/Dungeon_Tileset.png
  artifactKey: Guid(a0d3fbbc155eb404a87f827b40a48dfe) Importer(815301076,1909f56bfc062723c751e8b465ee728b)
Start importing Assets/_Sprites/Dungeon/character and tileset/Dungeon_Tileset.png using Guid(a0d3fbbc155eb404a87f827b40a48dfe) Importer(815301076,1909f56bfc062723c751e8b465ee728b)  -> (artifact id: 'c54e90d8c8bf2f2d709ffc7cd8887228') in 0.277805 seconds
Number of updated asset objects reloaded before import = 0
Number of asset objects unloaded after import = 105
========================================================================
Received Import Request.
  Time since last request: 4.981828 seconds.
  path: Assets/_Sprites/Dungeon/character and tileset/Dungeon_Tileset.png
  artifactKey: Guid(a0d3fbbc155eb404a87f827b40a48dfe) Importer(815301076,1909f56bfc062723c751e8b465ee728b)
Start importing Assets/_Sprites/Dungeon/character and tileset/Dungeon_Tileset.png using Guid(a0d3fbbc155eb404a87f827b40a48dfe) Importer(815301076,1909f56bfc062723c751e8b465ee728b)  -> (artifact id: 'a7c420b681259067492a600d4a18a23b') in 0.366796 seconds
Number of updated asset objects reloaded before import = 0
Number of asset objects unloaded after import = 105
========================================================================
Received Import Request.
  Time since last request: 44.077101 seconds.
  path: Assets/_Sprites/Dungeon/character and tileset/Dungeon_Tileset.png
  artifactKey: Guid(a0d3fbbc155eb404a87f827b40a48dfe) Importer(815301076,1909f56bfc062723c751e8b465ee728b)
Start importing Assets/_Sprites/Dungeon/character and tileset/Dungeon_Tileset.png using Guid(a0d3fbbc155eb404a87f827b40a48dfe) Importer(815301076,1909f56bfc062723c751e8b465ee728b)  -> (artifact id: 'db968f737769370b757cb4795776c44d') in 0.144611 seconds
Number of updated asset objects reloaded before import = 0
Number of asset objects unloaded after import = 105
========================================================================
Received Import Request.
  Time since last request: 84.508176 seconds.
  path: Assets/_Sprites/Dungeon/character and tileset/Dungeon_Tileset.png
  artifactKey: Guid(a0d3fbbc155eb404a87f827b40a48dfe) Importer(815301076,1909f56bfc062723c751e8b465ee728b)
Start importing Assets/_Sprites/Dungeon/character and tileset/Dungeon_Tileset.png using Guid(a0d3fbbc155eb404a87f827b40a48dfe) Importer(815301076,1909f56bfc062723c751e8b465ee728b)  -> (artifact id: 'd9e8f6a998ca978001bba260e221be52') in 0.203983 seconds
Number of updated asset objects reloaded before import = 0
Number of asset objects unloaded after import = 105
========================================================================
Received Import Request.
  Time since last request: 27.259762 seconds.
  path: Assets/_Sprites/Dungeon/character and tileset/Dungeon_Tileset.png
  artifactKey: Guid(a0d3fbbc155eb404a87f827b40a48dfe) Importer(815301076,1909f56bfc062723c751e8b465ee728b)
Start importing Assets/_Sprites/Dungeon/character and tileset/Dungeon_Tileset.png using Guid(a0d3fbbc155eb404a87f827b40a48dfe) Importer(815301076,1909f56bfc062723c751e8b465ee728b)  -> (artifact id: '6175f4e5b6b19b3c355def63b80957ac') in 0.149655 seconds
Number of updated asset objects reloaded before import = 0
Number of asset objects unloaded after import = 105
========================================================================
Received Import Request.
  Time since last request: 26.820422 seconds.
  path: Assets/Scripts/LevelGeneration/Data Templates/IslandLevel.asset
  artifactKey: Guid(c2fa84d8b414e9843a779e1f09767fbc) Importer(815301076,1909f56bfc062723c751e8b465ee728b)
Start importing Assets/Scripts/LevelGeneration/Data Templates/IslandLevel.asset using Guid(c2fa84d8b414e9843a779e1f09767fbc) Importer(815301076,1909f56bfc062723c751e8b465ee728b)  -> (artifact id: '332aea66698096bfcba1457c0e5dfb73') in 0.001329 seconds
Number of updated asset objects reloaded before import = 0
Number of asset objects unloaded after import = 1
========================================================================
Received Import Request.
  Time since last request: 20.723699 seconds.
  path: Assets/Scripts/LevelGeneration/Data Templates/BigLevel.asset
  artifactKey: Guid(f2307d89c7cb6fd45a4d9feae6a6e77b) Importer(815301076,1909f56bfc062723c751e8b465ee728b)
Start importing Assets/Scripts/LevelGeneration/Data Templates/BigLevel.asset using Guid(f2307d89c7cb6fd45a4d9feae6a6e77b) Importer(815301076,1909f56bfc062723c751e8b465ee728b)  -> (artifact id: '9b6287bee404865e0542771e50c09da0') in 0.001012 seconds
Number of updated asset objects reloaded before import = 0
Number of asset objects unloaded after import = 1
